<?xml version="1.0" encoding="UTF-8" ?>
<testsuite tests="10" failures="0" name="zr.yach.ComplexNumberTest" time="0.078" errors="0" skipped="0">
  <properties>
    <property name="java.runtime.name" value="OpenJDK Runtime Environment"/>
    <property name="sun.boot.library.path" value="/work/home/yachzh/.local/apps/jdk8u422-b05/jre/lib/amd64"/>
    <property name="java.vm.version" value="25.422-b05"/>
    <property name="java.vm.vendor" value="Temurin"/>
    <property name="maven.multiModuleProjectDirectory" value="/work/home/yachzh/code/ComplexNumber"/>
    <property name="java.vendor.url" value="https://adoptium.net/"/>
    <property name="path.separator" value=":"/>
    <property name="guice.disable.misplaced.annotation.check" value="true"/>
    <property name="java.vm.name" value="OpenJDK 64-Bit Server VM"/>
    <property name="file.encoding.pkg" value="sun.io"/>
    <property name="user.country" value="US"/>
    <property name="sun.java.launcher" value="SUN_STANDARD"/>
    <property name="sun.os.patch.level" value="unknown"/>
    <property name="java.vm.specification.name" value="Java Virtual Machine Specification"/>
    <property name="user.dir" value="/work/home/yachzh/code/ComplexNumber"/>
    <property name="java.runtime.version" value="1.8.0_422-b05"/>
    <property name="java.awt.graphicsenv" value="sun.awt.X11GraphicsEnvironment"/>
    <property name="java.endorsed.dirs" value="/work/home/yachzh/.local/apps/jdk8u422-b05/jre/lib/endorsed"/>
    <property name="os.arch" value="amd64"/>
    <property name="java.io.tmpdir" value="/tmp"/>
    <property name="line.separator" value="
"/>
    <property name="java.vm.specification.vendor" value="Oracle Corporation"/>
    <property name="os.name" value="Linux"/>
    <property name="classworlds.conf" value="/work/home/yachzh/.local/apps/apache-maven-3.8.8/bin/m2.conf"/>
    <property name="sun.jnu.encoding" value="UTF-8"/>
    <property name="java.library.path" value="/work/home/yachzh/.local/apps/gromacs-2023.2/lib64:/work/home/yachzh/.local/apps/openblas-0.3.21/lib:/public/software/compiler/gcc-12.2.0/lib:/public/software/compiler/gcc-12.2.0/lib64:/work/home/yachzh/.local/lib:/public/software/mpi/intelmpi/2017.4.239-new/intel64/lib:/opt/hpc/software/compiler/intel/intel-compiler-2017.5.239/compiler/lib/intel64_lin:/opt/hpc/software/compiler/intel/intel-compiler-2017.5.239/mkl/lib/intel64_lin:/opt/hpc/software/compiler/intel/intel-compiler-2017.5.239/tbb/lib/intel64_lin:/work/home/yachzh/.local/lib/build/zlib/1.3.1/lib:/work/home/yachzh/.local/lib/build/hdf5/1.14.2/lib:/work/home/yachzh/.local/lib/build/netcdf/4.9.2/lib:/opt/gridview/slurm/lib:/opt/gridview/slurm/lib64:/opt/gridview/munge/lib::/usr/java/packages/lib/amd64:/usr/lib64:/lib64:/lib:/usr/lib"/>
    <property name="maven.conf" value="/work/home/yachzh/.local/apps/apache-maven-3.8.8/conf"/>
    <property name="java.specification.name" value="Java Platform API Specification"/>
    <property name="java.class.version" value="52.0"/>
    <property name="sun.management.compiler" value="HotSpot 64-Bit Tiered Compilers"/>
    <property name="os.version" value="3.10.0-957.nfs.5.x86_64"/>
    <property name="library.jansi.path" value="/work/home/yachzh/.local/apps/apache-maven-3.8.8/lib/jansi-native"/>
    <property name="user.home" value="/work/home/yachzh"/>
    <property name="user.timezone" value="Asia/Shanghai"/>
    <property name="java.awt.printerjob" value="sun.print.PSPrinterJob"/>
    <property name="java.specification.version" value="1.8"/>
    <property name="file.encoding" value="UTF-8"/>
    <property name="user.name" value="yachzh"/>
    <property name="java.class.path" value="/work/home/yachzh/.local/apps/apache-maven-3.8.8/boot/plexus-classworlds-2.6.0.jar"/>
    <property name="java.vm.specification.version" value="1.8"/>
    <property name="sun.arch.data.model" value="64"/>
    <property name="java.home" value="/work/home/yachzh/.local/apps/jdk8u422-b05/jre"/>
    <property name="sun.java.command" value="org.codehaus.plexus.classworlds.launcher.Launcher clean install"/>
    <property name="java.specification.vendor" value="Oracle Corporation"/>
    <property name="user.language" value="en"/>
    <property name="awt.toolkit" value="sun.awt.X11.XToolkit"/>
    <property name="java.vm.info" value="mixed mode"/>
    <property name="java.version" value="1.8.0_422"/>
    <property name="java.ext.dirs" value="/work/home/yachzh/.local/apps/jdk8u422-b05/jre/lib/ext:/usr/java/packages/lib/ext"/>
    <property name="sun.boot.class.path" value="/work/home/yachzh/.local/apps/jdk8u422-b05/jre/lib/resources.jar:/work/home/yachzh/.local/apps/jdk8u422-b05/jre/lib/rt.jar:/work/home/yachzh/.local/apps/jdk8u422-b05/jre/lib/sunrsasign.jar:/work/home/yachzh/.local/apps/jdk8u422-b05/jre/lib/jsse.jar:/work/home/yachzh/.local/apps/jdk8u422-b05/jre/lib/jce.jar:/work/home/yachzh/.local/apps/jdk8u422-b05/jre/lib/charsets.jar:/work/home/yachzh/.local/apps/jdk8u422-b05/jre/lib/jfr.jar:/work/home/yachzh/.local/apps/jdk8u422-b05/jre/classes"/>
    <property name="java.vendor" value="Temurin"/>
    <property name="java.specification.maintenance.version" value="5"/>
    <property name="maven.home" value="/work/home/yachzh/.local/apps/apache-maven-3.8.8"/>
    <property name="file.separator" value="/"/>
    <property name="java.vendor.url.bug" value="https://github.com/adoptium/adoptium-support/issues"/>
    <property name="sun.cpu.endian" value="little"/>
    <property name="sun.io.unicode.encoding" value="UnicodeLittle"/>
    <property name="sun.cpu.isalist" value=""/>
  </properties>
  <testcase classname="zr.yach.ComplexNumberTest" name="zr.yach.ComplexNumberTest.testComplexNumberToString" time="0.042"/>
  <testcase classname="zr.yach.ComplexNumberTest" name="zr.yach.ComplexNumberTest.testComplexNumberCreation" time="0"/>
  <testcase classname="zr.yach.ComplexNumberTest" name="zr.yach.ComplexNumberTest.testComplexNumberSubtract" time="0.009"/>
  <testcase classname="zr.yach.ComplexNumberTest" name="zr.yach.ComplexNumberTest.testComplexNumberMultiply" time="0.003"/>
  <testcase classname="zr.yach.ComplexNumberTest" name="zr.yach.ComplexNumberTest.testComplexNumberDivide" time="0.004"/>
  <testcase classname="zr.yach.ComplexNumberTest" name="zr.yach.ComplexNumberTest.testComplexNumberPow" time="0.019"/>
  <testcase classname="zr.yach.ComplexNumberTest" name="zr.yach.ComplexNumberTest.testComplexNumberAbs" time="0"/>
  <testcase classname="zr.yach.ComplexNumberTest" name="zr.yach.ComplexNumberTest.testComplexNumberArg" time="0"/>
  <testcase classname="zr.yach.ComplexNumberTest" name="zr.yach.ComplexNumberTest.testComplexNumberConjugate" time="0"/>
  <testcase classname="zr.yach.ComplexNumberTest" name="zr.yach.ComplexNumberTest.testComplexNumberAdd" time="0.001"/>
</testsuite>